[12:09:38] IridescentSky-Alpha:1407@API_3.0 w/ Client r240201 // Debug: True - Packet Size: 1024b

[12:09:40] ERROR: Failed to connect to the Flashstore API! 
[ERROR TRACEBACK]
[WinError 10061] No connection could be made because the target machine actively refused it
[12:09:40] IridescentSky-Alpha:1407@API_3.0 w/ Client r240201 // Debug: True - Packet Size: 1024b

[12:09:42] ERROR: Failed to connect to the Flashstore API! 
[ERROR TRACEBACK]
[WinError 10061] No connection could be made because the target machine actively refused it
[12:09:42] IridescentSky-Alpha:1407@API_3.0 w/ Client r240201 // Debug: True - Packet Size: 1024b

[12:09:44] ERROR: Failed to connect to the Flashstore API! 
[ERROR TRACEBACK]
[WinError 10061] No connection could be made because the target machine actively refused it
[12:09:44] IridescentSky-Alpha:1407@API_3.0 w/ Client r240201 // Debug: True - Packet Size: 1024b

[12:09:46] ERROR: Failed to connect to the Flashstore API! 
[ERROR TRACEBACK]
[WinError 10061] No connection could be made because the target machine actively refused it
[12:09:46] IridescentSky-Alpha:1407@API_3.0 w/ Client r240201 // Debug: True - Packet Size: 1024b

[12:09:48] ERROR: Failed to connect to the Flashstore API! 
[ERROR TRACEBACK]
[WinError 10061] No connection could be made because the target machine actively refused it
[12:09:48] IridescentSky-Alpha:1407@API_3.0 w/ Client r240201 // Debug: True - Packet Size: 1024b

[12:09:50] ERROR: Failed to connect to the Flashstore API! 
[ERROR TRACEBACK]
[WinError 10061] No connection could be made because the target machine actively refused it
[12:09:50] IridescentSky-Alpha:1407@API_3.0 w/ Client r240201 // Debug: True - Packet Size: 1024b

[12:09:52] ERROR: Failed to connect to the Flashstore API! 
[ERROR TRACEBACK]
[WinError 10061] No connection could be made because the target machine actively refused it
[12:09:52] IridescentSky-Alpha:1407@API_3.0 w/ Client r240201 // Debug: True - Packet Size: 1024b

[12:09:54] ERROR: Failed to connect to the Flashstore API! 
[ERROR TRACEBACK]
[WinError 10061] No connection could be made because the target machine actively refused it
[12:09:54] IridescentSky-Alpha:1407@API_3.0 w/ Client r240201 // Debug: True - Packet Size: 1024b

[12:09:57] ERROR: Failed to connect to the Flashstore API! 
[ERROR TRACEBACK]
[WinError 10061] No connection could be made because the target machine actively refused it
[12:09:57] IridescentSky-Alpha:1407@API_3.0 w/ Client r240201 // Debug: True - Packet Size: 1024b

[12:09:59] ERROR: Failed to connect to the Flashstore API! 
[ERROR TRACEBACK]
[WinError 10061] No connection could be made because the target machine actively refused it
[12:09:59] IridescentSky-Alpha:1407@API_3.0 w/ Client r240201 // Debug: True - Packet Size: 1024b

[12:10:01] ERROR: Failed to connect to the Flashstore API! 
[ERROR TRACEBACK]
[WinError 10061] No connection could be made because the target machine actively refused it
[12:10:01] IridescentSky-Alpha:1407@API_3.0 w/ Client r240201 // Debug: True - Packet Size: 1024b

[12:10:01] SUCCESS: Connected to IridescentSky-Alpha:1407! (Latency: 0ms)
[12:10:01] INFO: Requesting API Version 3.0...
[12:10:01] [OK] We sent a valid API Version.
[12:10:01] INFO: Requesting "GET/MODULES/NOTFOUND".
[12:10:01] [ERROR] The server told us our request couldn't be found!
[12:11:20] IridescentSky-Alpha:1407@API_3.0 w/ Client r240201 // Debug: True - Packet Size: 1024b

[12:11:20] SUCCESS: Connected to IridescentSky-Alpha:1407! (Latency: 0ms)
[12:11:20] INFO: Requesting API Version 3.0...
[12:11:20] [OK] We sent a valid API Version.
[12:11:20] INFO: Requesting "GET/MODULES/SIRIUSBYT".
[12:11:20] [SUCCESS] Received ['extended_chat_effects', 'infinite_chat_effects'] for our request!
[12:13:17] IridescentSky-Alpha:1407@API_3.0 w/ Client r240201 // Debug: True - Packet Size: 1024b

[12:13:17] SUCCESS: Connected to IridescentSky-Alpha:1407! (Latency: 0ms)
[12:13:17] INFO: Requesting API Version 3.0...
[12:13:17] [OK] We sent a valid API Version.
[12:13:17] INFO: Requesting "GET/MODULES/SIRIUSBYT".
[12:13:17] [SUCCESS] Received ['extended_chat_effects', 'infinite_chat_effects'] for our request!
[12:15:49] IridescentSky-Alpha:1407@API_3.0 w/ Client r240201 // Debug: True - Packet Size: 1024b

[12:15:49] SUCCESS: Connected to IridescentSky-Alpha:1407! (Latency: 0ms)
[12:15:49] INFO: Requesting API Version 3.0...
[12:15:49] [OK] We sent a valid API Version.
[12:15:49] INFO: Requesting "GET/MODULES/SIRIUSBYT".
[12:15:49] [SUCCESS] Received ['extended_chat_effects', 'infinite_chat_effects'] for our request!
[12:16:19] IridescentSky-Alpha:1407@API_3.0 w/ Client r240201 // Debug: True - Packet Size: 1024b

[12:16:19] SUCCESS: Connected to IridescentSky-Alpha:1407! (Latency: 0ms)
[12:16:19] INFO: Requesting API Version 3.0...
[12:16:19] [OK] We sent a valid API Version.
[12:16:19] INFO: Requesting "GET/MODULES/SIRIUSBYT".
[12:16:19] [SUCCESS] Received ['extended_chat_effects', 'infinite_chat_effects'] for our request!
[12:16:40] IridescentSky-Alpha:1407@API_3.0 w/ Client r240201 // Debug: True - Packet Size: 1024b

[12:16:40] SUCCESS: Connected to IridescentSky-Alpha:1407! (Latency: 0ms)
[12:16:40] INFO: Requesting API Version 3.0...
[12:16:40] [OK] We sent a valid API Version.
[12:16:40] INFO: Requesting "GET/MODULES/SIRIUSBYT".
[12:16:40] [SUCCESS] Received ['extended_chat_effects', 'infinite_chat_effects'] for our request!
[12:17:28] IridescentSky-Alpha:1407@API_3.0 w/ Client r240201 // Debug: True - Packet Size: 1024b

[12:17:28] SUCCESS: Connected to IridescentSky-Alpha:1407! (Latency: 0ms)
[12:17:28] INFO: Requesting API Version 3.0...
[12:17:28] [OK] We sent a valid API Version.
[12:17:28] INFO: Requesting "GET/MODULES/SIRIUSBYT".
[12:17:28] [SUCCESS] Received ['extended_chat_effects', 'infinite_chat_effects'] for our request!
[12:17:28] IridescentSky-Alpha:1407@API_3.0 w/ Client r240201 // Debug: True - Packet Size: 1024b

[12:17:28] SUCCESS: Connected to IridescentSky-Alpha:1407! (Latency: 0ms)
[12:17:28] INFO: Requesting API Version 3.0...
[12:17:28] [OK] We sent a valid API Version.
[12:17:28] INFO: Requesting "GET/MODULES/SIRIUSBYT".
[12:17:28] [SUCCESS] Received ['extended_chat_effects', 'infinite_chat_effects'] for our request!
[12:20:44] IridescentSky-Alpha:1407@API_3.0 w/ Client r240201 // Debug: True - Packet Size: 1024b

[12:20:44] SUCCESS: Connected to IridescentSky-Alpha:1407! (Latency: 0ms)
[12:20:44] INFO: Requesting API Version 3.0...
[12:20:44] [OK] We sent a valid API Version.
[12:20:44] INFO: Requesting "GET/MODULES/SIRIUSBYT".
[12:20:44] [SUCCESS] Received ['extended_chat_effects', 'infinite_chat_effects'] for our request!
[12:20:44] IridescentSky-Alpha:1407@API_3.0 w/ Client r240201 // Debug: True - Packet Size: 1024b

[12:20:44] SUCCESS: Connected to IridescentSky-Alpha:1407! (Latency: 0ms)
[12:20:44] INFO: Requesting API Version 3.0...
[12:20:44] [OK] We sent a valid API Version.
[12:20:44] INFO: Requesting "GET/MODULES/SIRIUSBYT".
[12:20:44] [SUCCESS] Received ['extended_chat_effects', 'infinite_chat_effects'] for our request!
[12:24:17] IridescentSky-Alpha:1407@API_3.0 w/ Client r240201 // Debug: True - Packet Size: 1024b

[12:24:17] SUCCESS: Connected to IridescentSky-Alpha:1407! (Latency: 0ms)
[12:24:17] INFO: Requesting API Version 3.0...
[12:24:17] [OK] We sent a valid API Version.
[12:24:17] INFO: Requesting "GET/MODULES/SIRIUSBYT".
[12:24:17] [SUCCESS] Received ['extended_chat_effects', 'infinite_chat_effects'] for our request!
[12:24:34] IridescentSky-Alpha:1407@API_3.0 w/ Client r240201 // Debug: True - Packet Size: 1024b

[12:24:34] SUCCESS: Connected to IridescentSky-Alpha:1407! (Latency: 0ms)
[12:24:34] INFO: Requesting API Version 3.0...
[12:24:34] [OK] We sent a valid API Version.
[12:24:34] INFO: Requesting "GET/MODULES/SIRIUSBYT".
[12:24:34] [SUCCESS] Received ['extended_chat_effects', 'infinite_chat_effects'] for our request!
[12:24:34] IridescentSky-Alpha:1407@API_3.0 w/ Client r240201 // Debug: True - Packet Size: 1024b

[12:24:34] SUCCESS: Connected to IridescentSky-Alpha:1407! (Latency: 0ms)
[12:24:34] INFO: Requesting API Version 3.0...
[12:24:34] [OK] We sent a valid API Version.
[12:24:34] INFO: Requesting "GET/MODULES/SIRIUSBYT".
[12:24:34] [SUCCESS] Received ['extended_chat_effects', 'infinite_chat_effects'] for our request!
[12:25:04] IridescentSky-Alpha:1407@API_3.0 w/ Client r240201 // Debug: True - Packet Size: 1024b

[12:25:04] SUCCESS: Connected to IridescentSky-Alpha:1407! (Latency: 0ms)
[12:25:04] INFO: Requesting API Version 3.0...
[12:25:05] [OK] We sent a valid API Version.
[12:25:05] INFO: Requesting "GET/MODULES/SIRIUSBYT".
[12:25:05] [SUCCESS] Received ['extended_chat_effects', 'infinite_chat_effects'] for our request!
[12:25:05] IridescentSky-Alpha:1407@API_3.0 w/ Client r240201 // Debug: True - Packet Size: 1024b

[12:25:05] SUCCESS: Connected to IridescentSky-Alpha:1407! (Latency: 0ms)
[12:25:05] INFO: Requesting API Version 3.0...
[12:25:05] [OK] We sent a valid API Version.
[12:25:05] INFO: Requesting "GET/MODULES/SIRIUSBYT".
[12:25:05] [SUCCESS] Received ['extended_chat_effects', 'infinite_chat_effects'] for our request!
[12:28:17] IridescentSky-Alpha:1407@API_3.0 w/ Client r240201 // Debug: True - Packet Size: 1024b

[12:28:17] SUCCESS: Connected to IridescentSky-Alpha:1407! (Latency: 0ms)
[12:28:17] INFO: Requesting API Version 3.0...
[12:28:17] [OK] We sent a valid API Version.
[12:28:17] INFO: Requesting "GET/MODULES/SIRIUSBYT".
[12:28:17] [SUCCESS] Received ['extended_chat_effects', 'infinite_chat_effects'] for our request!
[12:28:38] IridescentSky-Alpha:1407@API_3.0 w/ Client r240201 // Debug: True - Packet Size: 1024b

[12:28:38] SUCCESS: Connected to IridescentSky-Alpha:1407! (Latency: 0ms)
[12:28:38] INFO: Requesting API Version 3.0...
[12:28:38] [OK] We sent a valid API Version.
[12:28:38] INFO: Requesting "GET/MODULES/SIRIUSBYT".
[12:28:38] [SUCCESS] Received ['extended_chat_effects', 'infinite_chat_effects'] for our request!
[12:30:05] IridescentSky-Alpha:1407@API_3.0 w/ Client r240201 // Debug: True - Packet Size: 1024b

[12:30:05] SUCCESS: Connected to IridescentSky-Alpha:1407! (Latency: 0ms)
[12:30:05] INFO: Requesting API Version 3.0...
[12:30:05] [OK] We sent a valid API Version.
[12:30:05] INFO: Requesting "GET/MODULES/SIRIUSBYT".
[12:30:05] [SUCCESS] Received ['extended_chat_effects', 'infinite_chat_effects'] for our request!
